[2015-12-08 11:46:23]
host: 
url: 
contentID: 
point: updater.sh
data: Killing process PID=4728 kyryll    4728  0.0  0.0   4476   840 pts/2    S+   11:46   0:00 sh -c ps ux | grep cron-ami

[2015-12-08 11:46:23]
host: 
url: 
contentID: 
point: updater.sh
data: Killing process PID=4730 kyryll    4730  0.0  0.0  14940  2136 pts/2    S+   11:46   0:00 grep cron-ami

[2015-12-08 11:46:23]
host: 
url: 
contentID: 
point: updater.sh
data: Killing process PID=4735 kyryll    4735  0.0  0.0   4476   840 pts/2    S+   11:46   0:00 sh -c ps ux | grep cron-imap

[2015-12-08 11:46:23]
host: 
url: 
contentID: 
point: updater.sh
data: Killing process PID=4737 kyryll    4737  0.0  0.0  14940  2244 pts/2    S+   11:46   0:00 grep cron-imap

[2015-12-08 11:48:55]
host: 
url: 
contentID: 
point: updater.sh
data: Killing process PID=5048 kyryll    5048  0.0  0.0   4476   780 pts/2    S+   11:48   0:00 sh -c ps ux | grep cron-ami

[2015-12-08 11:48:55]
host: 
url: 
contentID: 
point: updater.sh
data: Killing process PID=5050 kyryll    5050  0.0  0.0  14940  2148 pts/2    S+   11:48   0:00 grep cron-ami

[2015-12-08 11:48:55]
host: 
url: 
contentID: 
point: updater.sh
data: Killing process PID=5055 kyryll    5055  0.0  0.0   4476   896 pts/2    S+   11:48   0:00 sh -c ps ux | grep cron-imap

[2015-12-08 11:48:55]
host: 
url: 
contentID: 
point: updater.sh
data: Killing process PID=5057 kyryll    5057  0.0  0.0  14940  2152 pts/2    S+   11:48   0:00 grep cron-imap

[2015-12-08 12:17:38]
host: 
url: 
contentID: 
point: updater.sh
data: Killing process PID=6480 kyryll    6480  0.0  0.0   4476   820 pts/2    S+   12:17   0:00 sh -c ps ux | grep cron-ami

[2015-12-08 12:17:38]
host: 
url: 
contentID: 
point: updater.sh
data: Killing process PID=6482 kyryll    6482  0.0  0.0  14940  2216 pts/2    S+   12:17   0:00 grep cron-ami

[2015-12-08 12:17:38]
host: 
url: 
contentID: 
point: updater.sh
data: Killing process PID=6487 kyryll    6487  0.0  0.0   4476   820 pts/2    S+   12:17   0:00 sh -c ps ux | grep cron-imap

[2015-12-08 12:17:38]
host: 
url: 
contentID: 
point: updater.sh
data: Killing process PID=6489 kyryll    6489  0.0  0.0  14940  2136 pts/2    S+   12:17   0:00 grep cron-imap

[2015-12-08 13:10:09]
host: 
url: 
contentID: 
point: updater.sh
data: Killing process PID=8836 kyryll    8836  0.0  0.0   4476   764 pts/2    S+   13:10   0:00 sh -c ps ux | grep cron-ami

[2015-12-08 13:10:09]
host: 
url: 
contentID: 
point: updater.sh
data: Killing process PID=8838 kyryll    8838  0.0  0.0  14940  2088 pts/2    S+   13:10   0:00 grep cron-ami

[2015-12-08 13:10:09]
host: 
url: 
contentID: 
point: updater.sh
data: Killing process PID=8843 kyryll    8843  0.0  0.0   4476   868 pts/2    S+   13:10   0:00 sh -c ps ux | grep cron-imap

[2015-12-08 13:10:09]
host: 
url: 
contentID: 
point: updater.sh
data: Killing process PID=8845 kyryll    8845  0.0  0.0  14940  2140 pts/2    S+   13:10   0:00 grep cron-imap

[2015-12-08 15:02:24]
host: 
url: 
contentID: 
point: updater.sh
data: Killing process PID=5120 kyryll    5120  0.0  0.0   4476   764 pts/6    S+   15:02   0:00 sh -c ps ux | grep cron-ami

[2015-12-08 15:02:24]
host: 
url: 
contentID: 
point: updater.sh
data: Killing process PID=5122 kyryll    5122  0.0  0.0  14940  2196 pts/6    S+   15:02   0:00 grep cron-ami

[2015-12-08 15:02:24]
host: 
url: 
contentID: 
point: updater.sh
data: Killing process PID=5127 kyryll    5127  0.0  0.0   4476   820 pts/6    S+   15:02   0:00 sh -c ps ux | grep cron-imap

[2015-12-08 15:02:24]
host: 
url: 
contentID: 
point: updater.sh
data: Killing process PID=5129 kyryll    5129  0.0  0.0  14940  2216 pts/6    S+   15:02   0:00 grep cron-imap

