[2015-11-24 11:29:57]
host: shop.local
url: /sale/
contentID: sale-page
point: /shop.starter.php
data: 0=2
1=Engine: Content class 'sale_page' not found


[2015-11-24 11:31:55]
host: shop.local
url: /sale/
contentID: sale-page
point: /shop.starter.php
data: 0=2
1=Engine: Content class 'sale_page' not found


[2015-11-24 11:33:06]
host: shop.local
url: /sale/
contentID: sale-page
point: /shop.starter.php
data: 0=2
1=Engine: Content class 'sale_page' not found


[2015-11-24 13:44:38]
host: shop.local
url: /sale/
contentID: sale-page
point: /shop.starter.php
data: 0=2
1=Engine: Content class 'sale_page' not found


